<?xml version="1.0" encoding="UTF-8"?>
<!-- Generated by org.testng.reporters.JUnitXMLReporter -->
<testsuite hostname="DESKTOP-Q97TBH7" name="Functional Testing for Ajio" tests="8" failures="0" timestamp="27 Jun 2021 18:22:58 GMT" time="242.474" errors="0">
  <testcase name="SearchTopics" time="21.817" classname="com.qa.testscripts.TC_AjioCustomerCare_02"/>
  <testcase name="SearchTopics" time="20.451" classname="com.qa.testscripts.TC_AjioCustomerCare_02"/>
  <testcase name="SearchTopics" time="19.772" classname="com.qa.testscripts.TC_AjioCustomerCare_02"/>
  <testcase name="SearchTopics" time="18.892" classname="com.qa.testscripts.TC_AjioCustomerCare_02"/>
  <testcase name="SearchProducts" time="25.773" classname="com.qa.testscripts.TC_AjioSearchProduct_01"/>
  <testcase name="SearchProducts" time="24.215" classname="com.qa.testscripts.TC_AjioSearchProduct_01"/>
  <testcase name="SearchProducts" time="24.397" classname="com.qa.testscripts.TC_AjioSearchProduct_01"/>
  <testcase name="SearchProducts" time="21.719" classname="com.qa.testscripts.TC_AjioSearchProduct_01"/>
</testsuite> <!-- Functional Testing for Ajio -->
