<?xml version="1.0" encoding="UTF-8"?>
<!-- Generated by org.testng.reporters.JUnitXMLReporter -->
<testsuite hostname="DESKTOP-Q97TBH7" name="Functional Testing for Ajio" tests="2" failures="0" timestamp="28 Jun 2021 10:39:07 GMT" time="150.116" errors="0">
  <testcase name="SearchProducts" time="0.0" classname="com.qa.testscripts.TC_AjioSearchProduct_01">
    <skipped/>
  </testcase> <!-- SearchProducts -->
  <testcase name="SearchTopics" time="0.0" classname="com.qa.testscripts.TC_AjioCustomerCare_02">
    <skipped/>
  </testcase> <!-- SearchTopics -->
</testsuite> <!-- Functional Testing for Ajio -->
