<?xml version="1.0" encoding="UTF-8"?>
<testsuite xmlns:xsi="http://www.w3.org/2001/XMLSchema-instance" xsi:noNamespaceSchemaLocation="https://maven.apache.org/surefire/maven-surefire-plugin/xsd/surefire-test-report.xsd" name="TestSuite" time="165.175" tests="2" errors="0" skipped="2" failures="0">
  <properties>
[...]
</properties>
  <testcase name="SearchProducts" classname="com.qa.testscripts.TC_AjioSearchProduct_01" time="0">
    <skipped message="java.io.FileNotFoundException: C:\Users\Priti\Desktop\LP IAT(Batch 8)\SeleniumProject2\src\test\java\com\qa\testdata\testdata.xlsx (The system cannot find the path specified)"/>
    <system-err><![CDATA[Starting ChromeDriver 91.0.4472.19 (1bf021f248676a0b2ab3ee0561d83a59e424c23e-refs/branch-heads/4472@{#288}) on port 30366
Only local connections are allowed.
Please see https://chromedriver.chromium.org/security-considerations for suggestions on keeping ChromeDriver safe.
ChromeDriver was started successfully.
Jun 28, 2021 4:07:13 PM org.openqa.selenium.remote.ProtocolHandshake createSession
INFO: Detected dialect: W3C
]]></system-err>
  </testcase>
  <testcase name="SearchTopics" classname="com.qa.testscripts.TC_AjioCustomerCare_02" time="0">
    <skipped message="java.io.FileNotFoundException: C:\Users\Priti\Desktop\LP IAT(Batch 8)\SeleniumProject2\src\test\java\com\qa\testdata\testdata.xlsx (The system cannot find the path specified)"/>
    <system-err><![CDATA[Starting ChromeDriver 91.0.4472.19 (1bf021f248676a0b2ab3ee0561d83a59e424c23e-refs/branch-heads/4472@{#288}) on port 10408
Only local connections are allowed.
Please see https://chromedriver.chromium.org/security-considerations for suggestions on keeping ChromeDriver safe.
ChromeDriver was started successfully.
Jun 28, 2021 4:08:40 PM org.openqa.selenium.remote.ProtocolHandshake createSession
INFO: Detected dialect: W3C
]]></system-err>
  </testcase>
</testsuite>