<?xml version="1.0" encoding="UTF-8"?>
<testng-results skipped="0" failed="0" total="8" passed="8">
  <reporter-output>
    <line>
      <![CDATA[Total no of Topics loaded are: 8]]>
    </line>
    <line>
      <![CDATA[Shipping FAQs]]>
    </line>
    <line>
      <![CDATA[Cancellation FAQs]]>
    </line>
    <line>
      <![CDATA[Payment FAQs]]>
    </line>
    <line>
      <![CDATA[Returns FAQs]]>
    </line>
    <line>
      <![CDATA[AJIO Wallet]]>
    </line>
    <line>
      <![CDATA[Account & Shopping]]>
    </line>
    <line>
      <![CDATA[Loyalty Rewards]]>
    </line>
    <line>
      <![CDATA[Precious Jewellery]]>
    </line>
    <line>
      <![CDATA[Topic is not searched]]>
    </line>
    <line>
      <![CDATA[Total no of Topics loaded are: 8]]>
    </line>
    <line>
      <![CDATA[Shipping FAQs]]>
    </line>
    <line>
      <![CDATA[Cancellation FAQs]]>
    </line>
    <line>
      <![CDATA[Payment FAQs]]>
    </line>
    <line>
      <![CDATA[Returns FAQs]]>
    </line>
    <line>
      <![CDATA[AJIO Wallet]]>
    </line>
    <line>
      <![CDATA[Account & Shopping]]>
    </line>
    <line>
      <![CDATA[Loyalty Rewards]]>
    </line>
    <line>
      <![CDATA[Precious Jewellery]]>
    </line>
    <line>
      <![CDATA[Topic is not searched]]>
    </line>
    <line>
      <![CDATA[Total no of Topics loaded are: 8]]>
    </line>
    <line>
      <![CDATA[Shipping FAQs]]>
    </line>
    <line>
      <![CDATA[Cancellation FAQs]]>
    </line>
    <line>
      <![CDATA[Payment FAQs]]>
    </line>
    <line>
      <![CDATA[Returns FAQs]]>
    </line>
    <line>
      <![CDATA[AJIO Wallet]]>
    </line>
    <line>
      <![CDATA[Account & Shopping]]>
    </line>
    <line>
      <![CDATA[Loyalty Rewards]]>
    </line>
    <line>
      <![CDATA[Precious Jewellery]]>
    </line>
    <line>
      <![CDATA[Topic is not searched]]>
    </line>
    <line>
      <![CDATA[Total no of Topics loaded are: 8]]>
    </line>
    <line>
      <![CDATA[Shipping FAQs]]>
    </line>
    <line>
      <![CDATA[Cancellation FAQs]]>
    </line>
    <line>
      <![CDATA[Payment FAQs]]>
    </line>
    <line>
      <![CDATA[Returns FAQs]]>
    </line>
    <line>
      <![CDATA[AJIO Wallet]]>
    </line>
    <line>
      <![CDATA[Account & Shopping]]>
    </line>
    <line>
      <![CDATA[Loyalty Rewards]]>
    </line>
    <line>
      <![CDATA[Precious Jewellery]]>
    </line>
    <line>
      <![CDATA[Topic is not searched]]>
    </line>
    <line>
      <![CDATA[Total no of Products loaded are: 45]]>
    </line>
    <line>
      <![CDATA[LEVIS
Lightly Washed Trucker Jacket with Insert Pockets
Rs. 4,999 ]]>
    </line>
    <line>
      <![CDATA[QUICK VIEW
JOHN PLAYERS JEANS
Slim Fit Zip-Front Biker Jacket with Textured Collar
Rs. 2,450 Rs. 4,999 (51% off)]]>
    </line>
    <line>
      <![CDATA[High Star
Denim Jacket with Flap Pockets
Rs. 952 Rs. 2,799 (66% off)]]>
    </line>
    <line>
      <![CDATA[NIKE
Trail Running Jacket with Hoodie
Rs. 3,248 Rs. 6,495 (50% off)]]>
    </line>
    <line>
      <![CDATA[Hubberholme
Bomber Jacket with Short Zip Placket
Rs. 700 Rs. 1,999 (65% off)]]>
    </line>
    <line>
      <![CDATA[FLYING MACHINE
Padded Zip-Front Jacket
Rs. 1,979 Rs. 3,599 (45% off)]]>
    </line>
    <line>
      <![CDATA[Hubberholme
Zip-Front Jacket with Insert Pockets
Rs. 700 Rs. 1,999 (65% off)]]>
    </line>
    <line>
      <![CDATA[PERFORMAX
High-Neck Zip-Front Track Jacket
Rs. 896 Rs. 1,299 (31% off)]]>
    </line>
    <line>
      <![CDATA[High Star
Washed Button-Down Denim Jacket with Flap Pockets
Rs. 800 Rs. 2,499 (68% off)]]>
    </line>
    <line>
      <![CDATA[High Star
Heavily-Washed Button-Down Denim Jacket
Rs. 1,092 Rs. 2,799 (61% off)]]>
    </line>
    <line>
      <![CDATA[Hubberholme
Printed Zip-Front Jacket with Insert Pockets
Rs. 700 Rs. 1,999 (65% off)]]>
    </line>
    <line>
      <![CDATA[Hubberholme
Denim Jacket with Patch Pockets
Rs. 900 Rs. 1,999 (55% off)]]>
    </line>
    <line>
      <![CDATA[High Star
Button-Down Denim Jacket with Flap Pockets
Rs. 2,499 ]]>
    </line>
    <line>
      <![CDATA[LEVIS
Varsity Zip-Front Bomber Jacket
Rs. 2,250 Rs. 4,999 (55% off)]]>
    </line>
    <line>
      <![CDATA[Teamspirit
Winter Zip-Front Puffer Jacket
Rs. 1,440 Rs. 2,999 (52% off)]]>
    </line>
    <line>
      <![CDATA[Hubberholme
Panelled Zip-Front Jacket with Insert Pockets
Rs. 700 Rs. 1,999 (65% off)]]>
    </line>
    <line>
      <![CDATA[Rare Rabbit
Insert Pockets Jacket with Zip Detail
Rs. 2,699 Rs. 4,999 (46% off)]]>
    </line>
    <line>
      <![CDATA[U.S. Polo Assn.
Camouflage Print Zip-Front Hooded Jacket
Rs. 4,499 ]]>
    </line>
    <line>
      <![CDATA[ALTHEORY
Denim Twill Trucker Jacket
Rs. 1,199 Rs. 1,999 (40% off)]]>
    </line>
    <line>
      <![CDATA[LEVIS
Washed Button-Down Denim Trucker Jacket
Rs. 4,999 ]]>
    </line>
    <line>
      <![CDATA[SUPERDRY
Bomber Jacket with Typography
Rs. 6,899 Rs. 9,999 (31% off)]]>
    </line>
    <line>
      <![CDATA[SUPERDRY
Rookie Down Parka Hoodie Jacket
Rs. 11,589 Rs. 18,999 (39% off)]]>
    </line>
    <line>
      <![CDATA[High Star
Heavily Washed Panelled Denim Jacket
Rs. 725 Rs. 2,499 (71% off)]]>
    </line>
    <line>
      <![CDATA[High Star
Lightly Washed Denim Jacket
Rs. 1,148 Rs. 2,799 (59% off)]]>
    </line>
    <line>
      <![CDATA[PERFORMAX
Quick Dry Running Jacket with Mask
Rs. 689 Rs. 999 (31% off)]]>
    </line>
    <line>
      <![CDATA[KENNETH COLE
Textured Zip-Front Jacket with Insert Pockets
Rs. 2,923 Rs. 6,495 (55% off)]]>
    </line>
    <line>
      <![CDATA[SUPERDRY
Hooded Zip-Front Fuji Jacket
Rs. 6,709 Rs. 10,999 (39% off)]]>
    </line>
    <line>
      <![CDATA[High Star
Button-Front Jacket with Insert Pockets
Rs. 784 Rs. 2,799 (72% off)]]>
    </line>
    <line>
      <![CDATA[SPIRIT
High-Neck Zip-Front Jacket
Rs. 1,329 Rs. 3,797 (65% off)]]>
    </line>
    <line>
      <![CDATA[SUPERDRY SPORT
Training reversible gilet, 07x, l
Rs. 6,899 Rs. 9,999 (31% off)]]>
    </line>
    <line>
      <![CDATA[Pepe Jeans
Zip-Front Jacket with Insert Pockets
Rs. 1,575 Rs. 3,499 (55% off)]]>
    </line>
    <line>
      <![CDATA[Blue Saint
Button-Down Jacket with Insert Pockets
Rs. 1,085 Rs. 3,099 (65% off)]]>
    </line>
    <line>
      <![CDATA[Hubberholme
Jacket with Patch Pockets
Rs. 900 Rs. 1,999 (55% off)]]>
    </line>
    <line>
      <![CDATA[SUPERDRY
SDX Parka Jacket with Fur-Lined Hood
Rs. 11,039 Rs. 15,999 (31% off)]]>
    </line>
    <line>
      <![CDATA[Puma
Ferrari Hooded Sweat Jacket
Rs. 5,199 Rs. 7,999 (35% off)]]>
    </line>
    <line>
      <![CDATA[NETPLAY
Checked Reversible Zip-Front Jacket
Rs. 1,715 Rs. 3,499 (51% off)]]>
    </line>
    <line>
      <![CDATA[DENIZEN FROM LEVIS
Button-Down Trucker Jacket with Flap Pockets
Rs. 1,799 Rs. 2,999 (40% off)]]>
    </line>
    <line>
      <![CDATA[SUPERDRY
Ottoman Zip-Front Hooded Windcheater Jacket
Rs. 7,899 Rs. 9,999 (21% off)]]>
    </line>
    <line>
      <![CDATA[Hubberholme
Panelled Jacket with Flap Pockets
Rs. 900 Rs. 1,999 (55% off)]]>
    </line>
    <line>
      <![CDATA[NETPLAY
Checked Reversible Zip-Front Jacket
Rs. 1,715 Rs. 3,499 (51% off)]]>
    </line>
    <line>
      <![CDATA[GAP
Fleece Zip-Up Jacket
Rs. 2,500 Rs. 4,999 (50% off)]]>
    </line>
    <line>
      <![CDATA[LEVIS
Sleeveless Padded Zip-Front Jacket
Rs. 1,845 Rs. 4,099 (55% off)]]>
    </line>
    <line>
      <![CDATA[Pepe Jeans
Bertie IP Panelled Denim Trucker Jacket
Rs. 2,989 Rs. 4,599 (35% off)]]>
    </line>
    <line>
      <![CDATA[PERFORMAX
Panelled Zip-Front Jacket
Rs. 689 Rs. 999 (31% off)]]>
    </line>
    <line>
      <![CDATA[ARMANI EXCHANGE
Zip-Front Bomber Jacket with Graphic Print Back
Rs. 15,299 Rs. 29,999 (49% off)]]>
    </line>
    <line>
      <![CDATA[Product is Searched]]>
    </line>
    <line>
      <![CDATA[Total no of Products loaded are: 45]]>
    </line>
    <line>
      <![CDATA[DNMX
Mid-Rise Fitted Jeans
Rs. 679 Rs. 799 (15% off)]]>
    </line>
    <line>
      <![CDATA[QUICK VIEW
Hubberholme
Mid-Wash Slim Fit Jeans
Rs. 595 Rs. 1,699 (65% off)]]>
    </line>
    <line>
      <![CDATA[U.S. Polo Assn.
Regallo Light-Wash Skinny Jeans
Rs. 1,400 Rs. 2,799 (50% off)]]>
    </line>
    <line>
      <![CDATA[ARMANI EXCHANGE
Lightly Washed Straight Fit Jeans
Rs. 6,929 Rs. 8,999 (23% off)]]>
    </line>
    <line>
      <![CDATA[G STAR RAW
3301 Mid Wash Slim Jeans
Rs. 7,999 ]]>
    </line>
    <line>
      <![CDATA[ARMANI EXCHANGE
Washed Slim Fit Jeans
Rs. 7,799 Rs. 12,999 (40% off)]]>
    </line>
    <line>
      <![CDATA[Hubberholme
Mid-Rise Slim Fit Jeans
Rs. 595 Rs. 1,699 (65% off)]]>
    </line>
    <line>
      <![CDATA[DENIZEN FROM LEVIS
288 Washed Skinny Fit Freedom Jeans
Rs. 1,364 Rs. 2,099 (35% off)]]>
    </line>
    <line>
      <![CDATA[iVOC
Solid Jogger Jeans with Drawstring
Rs. 869 Rs. 1,799 (52% off)]]>
    </line>
    <line>
      <![CDATA[UNITED COLORS OF BENETTON
Lightly Washed Mid-Rise Slim Fit Jeans
Rs. 2,474 Rs. 3,299 (25% off)]]>
    </line>
    <line>
      <![CDATA[U.S. Polo Assn.
Washed Distressed Skinny Jeans
Rs. 1,649 Rs. 2,999 (45% off)]]>
    </line>
    <line>
      <![CDATA[GAS
Toki Mid-Wash Straight Fit Jeans
Rs. 4,829 Rs. 6,999 (31% off)]]>
    </line>
    <line>
      <![CDATA[iVOC
Solid Jogger Jeans with Drawstring
Rs. 859 Rs. 1,799 (52% off)]]>
    </line>
    <line>
      <![CDATA[DNMX
Jeggings with Elasticated Waist
Rs. 599 Rs. 999 (40% off)]]>
    </line>
    <line>
      <![CDATA[DNMX
Lightly Washed Fitted Jeans
Rs. 679 Rs. 799 (15% off)]]>
    </line>
    <line>
      <![CDATA[LEVIS
Slim Fit Jeans
Rs. 2,099 Rs. 2,799 (25% off)]]>
    </line>
    <line>
      <![CDATA[iVOC
Mid-Rise Jogger Jeans with Zip Pocket
Rs. 859 Rs. 1,799 (52% off)]]>
    </line>
    <line>
      <![CDATA[Hubberholme
Mid-Wash Slim Fit Jeans
Rs. 595 Rs. 1,699 (65% off)]]>
    </line>
    <line>
      <![CDATA[LEVIS
Straight Fit Jeans
Rs. 1,377 Rs. 2,599 (47% off)]]>
    </line>
    <line>
      <![CDATA[LEVIS
Washed Slim Fit Jeans
Rs. 2,099 Rs. 2,799 (25% off)]]>
    </line>
    <line>
      <![CDATA[G STAR RAW
3301 Mid Wash Slim Jeans
Rs. 5,599 Rs. 9,999 (44% off)]]>
    </line>
    <line>
      <![CDATA[Hubberholme
Mid-Rise Slim Fit Jeans
Rs. 595 Rs. 1,699 (65% off)]]>
    </line>
    <line>
      <![CDATA[Campus Sutra
Lightly Washed Slim Fit Jogger Jeans
Rs. 900 Rs. 1,999 (55% off)]]>
    </line>
    <line>
      <![CDATA[DNMX
Mid-Rise Skinny Jeans
Rs. 679 Rs. 799 (15% off)]]>
    </line>
    <line>
      <![CDATA[Hubberholme
Mid-Wash Slim Fit Jeans
Rs. 595 Rs. 1,699 (65% off)]]>
    </line>
    <line>
      <![CDATA[Pepe Jeans
Lightly Washed Relaxed Fit Jeans
Rs. 2,249 Rs. 2,999 (25% off)]]>
    </line>
    <line>
      <![CDATA[Pepe Jeans
Mid-Rise Lightly Washed Jeans
Rs. 1,799 Rs. 2,999 (40% off)]]>
    </line>
    <line>
      <![CDATA[Pepe Jeans
Lightly Washed Mid-Rise Slim Jeans
Rs. 2,999 ]]>
    </line>
    <line>
      <![CDATA[GAS
Norton Distressed Tapered Jeans
Rs. 4,159 Rs. 7,999 (48% off)]]>
    </line>
    <line>
      <![CDATA[Hubberholme
Mid-Wash Slim Fit Jeans
Rs. 595 Rs. 1,699 (65% off)]]>
    </line>
    <line>
      <![CDATA[DNMX
Mid-Rise Skinny Jeans
Rs. 679 Rs. 799 (15% off)]]>
    </line>
    <line>
      <![CDATA[DNMX
Mid-Rise Slim Fit Jeans
Rs. 849 Rs. 999 (15% off)]]>
    </line>
    <line>
      <![CDATA[JOHN PLAYERS JEANS
Washed Stretchable Slim Fit Jeans
Rs. 1,349 Rs. 1,799 (25% off)]]>
    </line>
    <line>
      <![CDATA[DNMX
Lightly Washed Skinny Fit Jeans
Rs. 1,349 Rs. 1,499 (10% off)]]>
    </line>
    <line>
      <![CDATA[ARMANI EXCHANGE
Slim Fit Mid-Rise Jeans
Rs. 7,669 Rs. 12,999 (41% off)]]>
    </line>
    <line>
      <![CDATA[Hubberholme
Mid-Wash Slim Fit Jeans
Rs. 595 Rs. 1,699 (65% off)]]>
    </line>
    <line>
      <![CDATA[DNMX
Mid-Rise Skinny Fit Jeans
Rs. 849 Rs. 999 (15% off)]]>
    </line>
    <line>
      <![CDATA[LEVIS
Washed Slim Fit Jeans
Rs. 2,155 Rs. 2,799 (23% off)]]>
    </line>
    <line>
      <![CDATA[UNITED COLORS OF BENETTON
Mid-Rise Skinny Jeans
Rs. 1,850 Rs. 3,699 (50% off)]]>
    </line>
    <line>
      <![CDATA[Hubberholme
Mid-Wash Slim Fit Jeans
Rs. 595 Rs. 1,699 (65% off)]]>
    </line>
    <line>
      <![CDATA[LEVIS
Washed Skinny Jeans
Rs. 2,699 Rs. 2,999 (10% off)]]>
    </line>
    <line>
      <![CDATA[LEVIS
512 Slim Fit Tapered Jeans
Rs. 2,274 Rs. 3,499 (35% off)]]>
    </line>
    <line>
      <![CDATA[G STAR RAW
3301 Slim Fit Jeans
Rs. 10,999 ]]>
    </line>
    <line>
      <![CDATA[LEVIS
Washed Slim Fit Jeans
Rs. 2,155 Rs. 2,799 (23% off)]]>
    </line>
    <line>
      <![CDATA[DENIZEN FROM LEVIS
204 Troy Super Skinny Fit Jeans
Rs. 1,364 Rs. 2,099 (35% off)]]>
    </line>
    <line>
      <![CDATA[Product is Searched]]>
    </line>
    <line>
      <![CDATA[Total no of Products loaded are: 45]]>
    </line>
    <line>
      <![CDATA[SATYA PAUL
Polka-Dot Print Saree with Contrast Border
Rs. 23,597 Rs. 39,995 (41% off)]]>
    </line>
    <line>
      <![CDATA[SATYA PAUL
Floral Print Chiffon Saree
Rs. 8,847 Rs. 14,995 (41% off)]]>
    </line>
    <line>
      <![CDATA[Choiceit
Floral Print Traditional Saree
Rs. 800 Rs. 1,999 (60% off)]]>
    </line>
    <line>
      <![CDATA[SAINOOR
Printed Traditional Saree
Rs. 806 Rs. 2,240 (64% off)]]>
    </line>
    <line>
      <![CDATA[SATYA PAUL
Floral Print Chiffon Saree
Rs. 7,348 Rs. 14,995 (51% off)]]>
    </line>
    <line>
      <![CDATA[AWESOME
Awesome Pure Silk Silver Zari Mini Checks Saree
Rs. 800 Rs. 1,999 (60% off)]]>
    </line>
    <line>
      <![CDATA[Manohari
Abstract Print Traditional Saree
Rs. 3,779 Rs. 6,999 (46% off)]]>
    </line>
    <line>
      <![CDATA[PRATHAM BLUE
Silk Embroidered Saree
Rs. 1,080 Rs. 3,999 (73% off)]]>
    </line>
    <line>
      <![CDATA[AARRAH
Woven Pattern Silk Blend Saree
Rs. 865 Rs. 2,060 (58% off)]]>
    </line>
    <line>
      <![CDATA[Aashvi Creation
Georgette Saree with Unstitched Blouse Piece
Rs. 774 Rs. 4,299 (82% off)]]>
    </line>
    <line>
      <![CDATA[Varkala Silk Sarees
Solid Traditional Saree
Rs. 1,341 Rs. 2,438 (45% off)]]>
    </line>
    <line>
      <![CDATA[SAINOOR
Printed Traditional Saree
Rs. 803 Rs. 2,060 (61% off)]]>
    </line>
    <line>
      <![CDATA[APNISHA
Embellished Saree with Blouse
Rs. 1,075 Rs. 2,499 (57% off)]]>
    </line>
    <line>
      <![CDATA[Red Round
Red Round Red Woven Traditional Saree with Unstitched Blouse
Rs. 742 Rs. 2,119 (65% off)]]>
    </line>
    <line>
      <![CDATA[Saree mall
Silk Blend Saree with Embellished Border
Rs. 1,080 Rs. 3,599 (70% off)]]>
    </line>
    <line>
      <![CDATA[ANNI DESIGNER
Traditional Saree with Contrast Border
Rs. 1,346 Rs. 5,385 (75% off)]]>
    </line>
    <line>
      <![CDATA[Saree mall
Patola Silk Banarasi Saree
Rs. 821 Rs. 2,649 (69% off)]]>
    </line>
    <line>
      <![CDATA[SATYA PAUL
Sequinned Georgette Saree
Rs. 22,417 Rs. 37,995 (41% off)]]>
    </line>
    <line>
      <![CDATA[SILK LAND
Printed Traditional Saree
Rs. 2,500 Rs. 4,999 (50% off)]]>
    </line>
    <line>
      <![CDATA[GRIVA DESIGNER
Traditional Saree with Zari Border
Rs. 1,800 Rs. 3,999 (55% off)]]>
    </line>
    <line>
      <![CDATA[Mimosa
Art Silk Traditional Saree
Rs. 2,347 Rs. 6,519 (64% off)]]>
    </line>
    <line>
      <![CDATA[Saree mall
Linen Printed Saree
Rs. 1,023 Rs. 3,299 (69% off)]]>
    </line>
    <line>
      <![CDATA[AARRAH
Woven Design Silk Saree with Zari Border
Rs. 968 Rs. 2,060 (53% off)]]>
    </line>
    <line>
      <![CDATA[FOUR SEASONS
Geometric Print Saree with Tassels
Rs. 999 Rs. 3,330 (70% off)]]>
    </line>
    <line>
      <![CDATA[SATRANI
Khadi Cotton Woven Saree with Blouse Piece
Rs. 996 Rs. 2,929 (66% off)]]>
    </line>
    <line>
      <![CDATA[FOUR SEASONS
Poly Georgette Mukaish Embellished Saree
Rs. 899 Rs. 2,997 (70% off)]]>
    </line>
    <line>
      <![CDATA[SILK LAND
Saree with Contrast Border
Rs. 2,500 Rs. 4,999 (50% off)]]>
    </line>
    <line>
      <![CDATA[APNISHA
Floral Print Cotton Saree with Satin Border
Rs. 585 Rs. 1,299 (55% off)]]>
    </line>
    <line>
      <![CDATA[LYUNICA
Floral Pattern Traditional Saree with Tassels
Rs. 880 Rs. 2,199 (60% off)]]>
    </line>
    <line>
      <![CDATA[Pothys
Pothys Pure Soft Silk Saree With Contrast Pallu
Rs. 10,805 ]]>
    </line>
    <line>
      <![CDATA[Aashvi Creation
Woven Pattern Kanjivaram Art Silk Blend Saree
Rs. 946 Rs. 4,299 (78% off)]]>
    </line>
    <line>
      <![CDATA[AWESOME
Checked Traditional Saree with Contrast Border
Rs. 1,250 Rs. 2,499 (50% off)]]>
    </line>
    <line>
      <![CDATA[AWESOME
Traditional Saree with Contrast Border
Rs. 1,200 Rs. 2,999 (60% off)]]>
    </line>
    <line>
      <![CDATA[SILK LAND
Printed Traditional Saree
Rs. 2,107 Rs. 4,299 (51% off)]]>
    </line>
    <line>
      <![CDATA[Saree mall
Silk Blend Saree with Fringes
Rs. 1,012 Rs. 3,749 (73% off)]]>
    </line>
    <line>
      <![CDATA[Desh Bidesh
Desh Bidesh Women's Traditional Bengal Handloom Tant Dhakai Jamdani Cotton Saree
Rs. 2,632 Rs. 8,489 (69% off)]]>
    </line>
    <line>
      <![CDATA[VASTRANAND
Saree with Contrast Border
Rs. 2,273 Rs. 4,545 (50% off)]]>
    </line>
    <line>
      <![CDATA[AWESOME
Awesome Designer Pure Silk Saree with Jaccaurd Saree
Rs. 1,000 Rs. 1,999 (50% off)]]>
    </line>
    <line>
      <![CDATA[HARPITA
Embellished Pre-stitched Saree
Rs. 1,099 Rs. 1,999 (45% off)]]>
    </line>
    <line>
      <![CDATA[OM SAI LATEST CREATION
Saree with Woven Pattern
Rs. 639 Rs. 999 (36% off)]]>
    </line>
    <line>
      <![CDATA[NANDA SILK MILLS
Striped Saree with Tassels
Rs. 900 Rs. 1,699 (47% off)]]>
    </line>
    <line>
      <![CDATA[APNISHA
Embellished Contrast Border Saree
Rs. 720 Rs. 1,999 (64% off)]]>
    </line>
    <line>
      <![CDATA[Saree mall
Pashmina Silk Saree with Unstitched Blouse
Rs. 1,242 Rs. 3,449 (64% off)]]>
    </line>
    <line>
      <![CDATA[EXCLUSIVE
YESPOHO
Textured Saree with Zari Border
Rs. 2,380 Rs. 6,799 (65% off)]]>
    </line>
    <line>
      <![CDATA[Mimosa
Floral Print Saree with Contrast Border
Rs. 2,408 Rs. 5,599 (57% off)]]>
    </line>
    <line>
      <![CDATA[Product is Searched]]>
    </line>
    <line>
      <![CDATA[Total no of Products loaded are: 45]]>
    </line>
    <line>
      <![CDATA[OM SAI LATEST CREATION
Block Print A-line Kurti
Rs. 538 Rs. 699 (23% off)]]>
    </line>
    <line>
      <![CDATA[QUICK VIEW
WOMEN TOUCH
Floral Print Straight Kurta
Rs. 920 Rs. 1,999 (54% off)]]>
    </line>
    <line>
      <![CDATA[WOMEN TOUCH
Straight Kurta with Floral Detail
Rs. 880 Rs. 1,999 (56% off)]]>
    </line>
    <line>
      <![CDATA[WOMEN TOUCH
Floral Print Straight Kurta
Rs. 880 Rs. 1,999 (56% off)]]>
    </line>
    <line>
      <![CDATA[WOMEN TOUCH
Floral Print Straight Kurta
Rs. 880 Rs. 1,999 (56% off)]]>
    </line>
    <line>
      <![CDATA[OM SAI LATEST CREATION
Block Print Anarkali Kurti
Rs. 559 Rs. 699 (20% off)]]>
    </line>
    <line>
      <![CDATA[OM SAI LATEST CREATION
High-Low Kurti with Tie-Up
Rs. 538 Rs. 699 (23% off)]]>
    </line>
    <line>
      <![CDATA[OM SAI LATEST CREATION
Block Print A-line Kurti
Rs. 538 Rs. 699 (23% off)]]>
    </line>
    <line>
      <![CDATA[WOMEN TOUCH
Printed Pure Cotton Straight Kurta
Rs. 880 Rs. 1,999 (56% off)]]>
    </line>
    <line>
      <![CDATA[CEE 18
Indian Print A-line Kurti
Rs. 900 Rs. 1,999 (55% off)]]>
    </line>
    <line>
      <![CDATA[AKS
Geometric Print A-line Tunic
Rs. 509 Rs. 999 (49% off)]]>
    </line>
    <line>
      <![CDATA[ANAITA
Embroidered Straight Kurti
Rs. 442 Rs. 1,229 (64% off)]]>
    </line>
    <line>
      <![CDATA[ANAITA
Floral Embroidered Straight Kurti
Rs. 442 Rs. 1,229 (64% off)]]>
    </line>
    <line>
      <![CDATA[SGRF
Floral Embroidered Flared Kurta
Rs. 809 Rs. 1,499 (46% off)]]>
    </line>
    <line>
      <![CDATA[Biba
Embroidered Fit & Flared Kurta
Rs. 832 Rs. 2,599 (68% off)]]>
    </line>
    <line>
      <![CDATA[ANAITA
Embroidered Straight Kurti
Rs. 442 Rs. 1,229 (64% off)]]>
    </line>
    <line>
      <![CDATA[WOMEN TOUCH
Floral Print Straight Kurta
Rs. 880 Rs. 1,999 (56% off)]]>
    </line>
    <line>
      <![CDATA[VBUYZ
Embellished Round-Neck Straight Kurti
Rs. 1,050 Rs. 2,999 (65% off)]]>
    </line>
    <line>
      <![CDATA[Tissue
Floral Print Round-Neck Straight Kurti
Rs. 490 Rs. 999 (51% off)]]>
    </line>
    <line>
      <![CDATA[VBUYZ
Embroidered Straight Kurti
Rs. 850 Rs. 2,499 (66% off)]]>
    </line>
    <line>
      <![CDATA[Bhama Couture
Indian Print Flared Kurti
Rs. 810 Rs. 1,799 (55% off)]]>
    </line>
    <line>
      <![CDATA[FUSION
Printed Flared Kurta with Handkerchief Hemline
Rs. 494 Rs. 1,299 (62% off)]]>
    </line>
    <line>
      <![CDATA[Stylum
Cartoon Print Flared Kurta
Rs. 780 Rs. 2,000 (61% off)]]>
    </line>
    <line>
      <![CDATA[Myshka
Striped Button-Down Straight Kurta
Rs. 600 Rs. 1,199 (50% off)]]>
    </line>
    <line>
      <![CDATA[WOMEN TOUCH
Floral Print Straight Kurta
Rs. 880 Rs. 1,999 (56% off)]]>
    </line>
    <line>
      <![CDATA[WOMEN TOUCH
Straight Kurta with 3/4th Sleeves
Rs. 880 Rs. 1,999 (56% off)]]>
    </line>
    <line>
      <![CDATA[KIPEK
Straight Tunic with Lace Detail
Rs. 576 Rs. 1,799 (68% off)]]>
    </line>
    <line>
      <![CDATA[CEE 18
Floral Print A-line Kurti with Tie-Up
Rs. 900 Rs. 1,999 (55% off)]]>
    </line>
    <line>
      <![CDATA[OM SAI LATEST CREATION
Block Print Straight Kurti
Rs. 524 Rs. 699 (25% off)]]>
    </line>
    <line>
      <![CDATA[OM SAI LATEST CREATION
Block Print A-line Kurti
Rs. 538 Rs. 699 (23% off)]]>
    </line>
    <line>
      <![CDATA[Svrnaa
Women Chevron Print Straight Kurta with Wooden-Button Plackets
Rs. 439 Rs. 799 (45% off)]]>
    </line>
    <line>
      <![CDATA[INDIWEST
Printed Flared Kurta
Rs. 450 Rs. 899 (50% off)]]>
    </line>
    <line>
      <![CDATA[Jaipur Kurti
Straight Kurta with Pintucks
Rs. 635 Rs. 1,549 (59% off)]]>
    </line>
    <line>
      <![CDATA[Bhama Couture
Geometric Pattern Tunic with Embellished
Rs. 840 Rs. 1,999 (58% off)]]>
    </line>
    <line>
      <![CDATA[MEERANSHI
A-line Kurti with 3/4th Sleeves
Rs. 625 Rs. 2,499 (75% off)]]>
    </line>
    <line>
      <![CDATA[ANAITA
Floral Embroidered Straight Kurti
Rs. 442 Rs. 1,229 (64% off)]]>
    </line>
    <line>
      <![CDATA[VBUYZ
Textured Straight Tunic with Applique
Rs. 850 Rs. 2,499 (66% off)]]>
    </line>
    <line>
      <![CDATA[Myshka
Floral Print Flared Kurta with Band Collar
Rs. 495 Rs. 1,099 (55% off)]]>
    </line>
    <line>
      <![CDATA[Alena
Indian Kurta
Rs. 504 Rs. 1,399 (64% off)]]>
    </line>
    <line>
      <![CDATA[CEE 18
Floral Print Maternity A-line Kurta
Rs. 860 Rs. 1,999 (57% off)]]>
    </line>
    <line>
      <![CDATA[Myshka
Printed Straight Kurta
Rs. 680 Rs. 1,699 (60% off)]]>
    </line>
    <line>
      <![CDATA[OM SAI LATEST CREATION
Striped A-line Kurti
Rs. 624 Rs. 2,599 (76% off)]]>
    </line>
    <line>
      <![CDATA[FUSION
Printed Flared Kurta with Tie-Up
Rs. 390 Rs. 999 (61% off)]]>
    </line>
    <line>
      <![CDATA[AVAASA SET
Floral Print Flared Kurta with Tie-Up
Rs. 735 Rs. 1,499 (51% off)]]>
    </line>
    <line>
      <![CDATA[TEAL19
Embroidered Netted A-line Kurti
Rs. 756 Rs. 2,699 (72% off)]]>
    </line>
    <line>
      <![CDATA[Product is Searched]]>
    </line>
  </reporter-output>
  <suite name="Test Automation" duration-ms="242474" started-at="2021-06-27T18:18:54Z" finished-at="2021-06-27T18:22:57Z">
    <groups>
    </groups>
    <test name="Functional Testing for Ajio" duration-ms="242474" started-at="2021-06-27T18:18:54Z" finished-at="2021-06-27T18:22:57Z">
      <class name="com.qa.testscripts.TC_AjioSearchProduct_01">
        <test-method status="PASS" signature="setUp(java.lang.String, java.lang.String)[pri:0, instance:com.qa.testscripts.TC_AjioSearchProduct_01@2ac273d3]" name="setUp" is-config="true" duration-ms="20068" started-at="2021-06-27T23:50:59Z" finished-at="2021-06-27T23:51:19Z">
          <params>
            <param index="0">
              <value>
                <![CDATA[Chrome]]>
              </value>
            </param>
            <param index="1">
              <value>
                <![CDATA[https://www.ajio.com/]]>
              </value>
            </param>
          </params>
          <reporter-output>
          </reporter-output>
        </test-method> <!-- setUp -->
        <test-method status="PASS" signature="SearchProducts(java.lang.String)[pri:0, instance:com.qa.testscripts.TC_AjioSearchProduct_01@2ac273d3]" name="SearchProducts" duration-ms="25773" started-at="2021-06-27T23:51:19Z" data-provider="getData" finished-at="2021-06-27T23:51:45Z">
          <params>
            <param index="0">
              <value>
                <![CDATA[Jackets]]>
              </value>
            </param>
          </params>
          <reporter-output>
            <line>
              <![CDATA[Total no of Products loaded are: 45]]>
            </line>
            <line>
              <![CDATA[LEVIS
Lightly Washed Trucker Jacket with Insert Pockets
Rs. 4,999 ]]>
            </line>
            <line>
              <![CDATA[QUICK VIEW
JOHN PLAYERS JEANS
Slim Fit Zip-Front Biker Jacket with Textured Collar
Rs. 2,450 Rs. 4,999 (51% off)]]>
            </line>
            <line>
              <![CDATA[High Star
Denim Jacket with Flap Pockets
Rs. 952 Rs. 2,799 (66% off)]]>
            </line>
            <line>
              <![CDATA[NIKE
Trail Running Jacket with Hoodie
Rs. 3,248 Rs. 6,495 (50% off)]]>
            </line>
            <line>
              <![CDATA[Hubberholme
Bomber Jacket with Short Zip Placket
Rs. 700 Rs. 1,999 (65% off)]]>
            </line>
            <line>
              <![CDATA[FLYING MACHINE
Padded Zip-Front Jacket
Rs. 1,979 Rs. 3,599 (45% off)]]>
            </line>
            <line>
              <![CDATA[Hubberholme
Zip-Front Jacket with Insert Pockets
Rs. 700 Rs. 1,999 (65% off)]]>
            </line>
            <line>
              <![CDATA[PERFORMAX
High-Neck Zip-Front Track Jacket
Rs. 896 Rs. 1,299 (31% off)]]>
            </line>
            <line>
              <![CDATA[High Star
Washed Button-Down Denim Jacket with Flap Pockets
Rs. 800 Rs. 2,499 (68% off)]]>
            </line>
            <line>
              <![CDATA[High Star
Heavily-Washed Button-Down Denim Jacket
Rs. 1,092 Rs. 2,799 (61% off)]]>
            </line>
            <line>
              <![CDATA[Hubberholme
Printed Zip-Front Jacket with Insert Pockets
Rs. 700 Rs. 1,999 (65% off)]]>
            </line>
            <line>
              <![CDATA[Hubberholme
Denim Jacket with Patch Pockets
Rs. 900 Rs. 1,999 (55% off)]]>
            </line>
            <line>
              <![CDATA[High Star
Button-Down Denim Jacket with Flap Pockets
Rs. 2,499 ]]>
            </line>
            <line>
              <![CDATA[LEVIS
Varsity Zip-Front Bomber Jacket
Rs. 2,250 Rs. 4,999 (55% off)]]>
            </line>
            <line>
              <![CDATA[Teamspirit
Winter Zip-Front Puffer Jacket
Rs. 1,440 Rs. 2,999 (52% off)]]>
            </line>
            <line>
              <![CDATA[Hubberholme
Panelled Zip-Front Jacket with Insert Pockets
Rs. 700 Rs. 1,999 (65% off)]]>
            </line>
            <line>
              <![CDATA[Rare Rabbit
Insert Pockets Jacket with Zip Detail
Rs. 2,699 Rs. 4,999 (46% off)]]>
            </line>
            <line>
              <![CDATA[U.S. Polo Assn.
Camouflage Print Zip-Front Hooded Jacket
Rs. 4,499 ]]>
            </line>
            <line>
              <![CDATA[ALTHEORY
Denim Twill Trucker Jacket
Rs. 1,199 Rs. 1,999 (40% off)]]>
            </line>
            <line>
              <![CDATA[LEVIS
Washed Button-Down Denim Trucker Jacket
Rs. 4,999 ]]>
            </line>
            <line>
              <![CDATA[SUPERDRY
Bomber Jacket with Typography
Rs. 6,899 Rs. 9,999 (31% off)]]>
            </line>
            <line>
              <![CDATA[SUPERDRY
Rookie Down Parka Hoodie Jacket
Rs. 11,589 Rs. 18,999 (39% off)]]>
            </line>
            <line>
              <![CDATA[High Star
Heavily Washed Panelled Denim Jacket
Rs. 725 Rs. 2,499 (71% off)]]>
            </line>
            <line>
              <![CDATA[High Star
Lightly Washed Denim Jacket
Rs. 1,148 Rs. 2,799 (59% off)]]>
            </line>
            <line>
              <![CDATA[PERFORMAX
Quick Dry Running Jacket with Mask
Rs. 689 Rs. 999 (31% off)]]>
            </line>
            <line>
              <![CDATA[KENNETH COLE
Textured Zip-Front Jacket with Insert Pockets
Rs. 2,923 Rs. 6,495 (55% off)]]>
            </line>
            <line>
              <![CDATA[SUPERDRY
Hooded Zip-Front Fuji Jacket
Rs. 6,709 Rs. 10,999 (39% off)]]>
            </line>
            <line>
              <![CDATA[High Star
Button-Front Jacket with Insert Pockets
Rs. 784 Rs. 2,799 (72% off)]]>
            </line>
            <line>
              <![CDATA[SPIRIT
High-Neck Zip-Front Jacket
Rs. 1,329 Rs. 3,797 (65% off)]]>
            </line>
            <line>
              <![CDATA[SUPERDRY SPORT
Training reversible gilet, 07x, l
Rs. 6,899 Rs. 9,999 (31% off)]]>
            </line>
            <line>
              <![CDATA[Pepe Jeans
Zip-Front Jacket with Insert Pockets
Rs. 1,575 Rs. 3,499 (55% off)]]>
            </line>
            <line>
              <![CDATA[Blue Saint
Button-Down Jacket with Insert Pockets
Rs. 1,085 Rs. 3,099 (65% off)]]>
            </line>
            <line>
              <![CDATA[Hubberholme
Jacket with Patch Pockets
Rs. 900 Rs. 1,999 (55% off)]]>
            </line>
            <line>
              <![CDATA[SUPERDRY
SDX Parka Jacket with Fur-Lined Hood
Rs. 11,039 Rs. 15,999 (31% off)]]>
            </line>
            <line>
              <![CDATA[Puma
Ferrari Hooded Sweat Jacket
Rs. 5,199 Rs. 7,999 (35% off)]]>
            </line>
            <line>
              <![CDATA[NETPLAY
Checked Reversible Zip-Front Jacket
Rs. 1,715 Rs. 3,499 (51% off)]]>
            </line>
            <line>
              <![CDATA[DENIZEN FROM LEVIS
Button-Down Trucker Jacket with Flap Pockets
Rs. 1,799 Rs. 2,999 (40% off)]]>
            </line>
            <line>
              <![CDATA[SUPERDRY
Ottoman Zip-Front Hooded Windcheater Jacket
Rs. 7,899 Rs. 9,999 (21% off)]]>
            </line>
            <line>
              <![CDATA[Hubberholme
Panelled Jacket with Flap Pockets
Rs. 900 Rs. 1,999 (55% off)]]>
            </line>
            <line>
              <![CDATA[NETPLAY
Checked Reversible Zip-Front Jacket
Rs. 1,715 Rs. 3,499 (51% off)]]>
            </line>
            <line>
              <![CDATA[GAP
Fleece Zip-Up Jacket
Rs. 2,500 Rs. 4,999 (50% off)]]>
            </line>
            <line>
              <![CDATA[LEVIS
Sleeveless Padded Zip-Front Jacket
Rs. 1,845 Rs. 4,099 (55% off)]]>
            </line>
            <line>
              <![CDATA[Pepe Jeans
Bertie IP Panelled Denim Trucker Jacket
Rs. 2,989 Rs. 4,599 (35% off)]]>
            </line>
            <line>
              <![CDATA[PERFORMAX
Panelled Zip-Front Jacket
Rs. 689 Rs. 999 (31% off)]]>
            </line>
            <line>
              <![CDATA[ARMANI EXCHANGE
Zip-Front Bomber Jacket with Graphic Print Back
Rs. 15,299 Rs. 29,999 (49% off)]]>
            </line>
            <line>
              <![CDATA[Product is Searched]]>
            </line>
          </reporter-output>
        </test-method> <!-- SearchProducts -->
        <test-method status="PASS" signature="SearchProducts(java.lang.String)[pri:0, instance:com.qa.testscripts.TC_AjioSearchProduct_01@2ac273d3]" name="SearchProducts" duration-ms="24215" started-at="2021-06-27T23:51:45Z" data-provider="getData" finished-at="2021-06-27T23:52:09Z">
          <params>
            <param index="0">
              <value>
                <![CDATA[Jeans]]>
              </value>
            </param>
          </params>
          <reporter-output>
            <line>
              <![CDATA[Total no of Products loaded are: 45]]>
            </line>
            <line>
              <![CDATA[DNMX
Mid-Rise Fitted Jeans
Rs. 679 Rs. 799 (15% off)]]>
            </line>
            <line>
              <![CDATA[QUICK VIEW
Hubberholme
Mid-Wash Slim Fit Jeans
Rs. 595 Rs. 1,699 (65% off)]]>
            </line>
            <line>
              <![CDATA[U.S. Polo Assn.
Regallo Light-Wash Skinny Jeans
Rs. 1,400 Rs. 2,799 (50% off)]]>
            </line>
            <line>
              <![CDATA[ARMANI EXCHANGE
Lightly Washed Straight Fit Jeans
Rs. 6,929 Rs. 8,999 (23% off)]]>
            </line>
            <line>
              <![CDATA[G STAR RAW
3301 Mid Wash Slim Jeans
Rs. 7,999 ]]>
            </line>
            <line>
              <![CDATA[ARMANI EXCHANGE
Washed Slim Fit Jeans
Rs. 7,799 Rs. 12,999 (40% off)]]>
            </line>
            <line>
              <![CDATA[Hubberholme
Mid-Rise Slim Fit Jeans
Rs. 595 Rs. 1,699 (65% off)]]>
            </line>
            <line>
              <![CDATA[DENIZEN FROM LEVIS
288 Washed Skinny Fit Freedom Jeans
Rs. 1,364 Rs. 2,099 (35% off)]]>
            </line>
            <line>
              <![CDATA[iVOC
Solid Jogger Jeans with Drawstring
Rs. 869 Rs. 1,799 (52% off)]]>
            </line>
            <line>
              <![CDATA[UNITED COLORS OF BENETTON
Lightly Washed Mid-Rise Slim Fit Jeans
Rs. 2,474 Rs. 3,299 (25% off)]]>
            </line>
            <line>
              <![CDATA[U.S. Polo Assn.
Washed Distressed Skinny Jeans
Rs. 1,649 Rs. 2,999 (45% off)]]>
            </line>
            <line>
              <![CDATA[GAS
Toki Mid-Wash Straight Fit Jeans
Rs. 4,829 Rs. 6,999 (31% off)]]>
            </line>
            <line>
              <![CDATA[iVOC
Solid Jogger Jeans with Drawstring
Rs. 859 Rs. 1,799 (52% off)]]>
            </line>
            <line>
              <![CDATA[DNMX
Jeggings with Elasticated Waist
Rs. 599 Rs. 999 (40% off)]]>
            </line>
            <line>
              <![CDATA[DNMX
Lightly Washed Fitted Jeans
Rs. 679 Rs. 799 (15% off)]]>
            </line>
            <line>
              <![CDATA[LEVIS
Slim Fit Jeans
Rs. 2,099 Rs. 2,799 (25% off)]]>
            </line>
            <line>
              <![CDATA[iVOC
Mid-Rise Jogger Jeans with Zip Pocket
Rs. 859 Rs. 1,799 (52% off)]]>
            </line>
            <line>
              <![CDATA[Hubberholme
Mid-Wash Slim Fit Jeans
Rs. 595 Rs. 1,699 (65% off)]]>
            </line>
            <line>
              <![CDATA[LEVIS
Straight Fit Jeans
Rs. 1,377 Rs. 2,599 (47% off)]]>
            </line>
            <line>
              <![CDATA[LEVIS
Washed Slim Fit Jeans
Rs. 2,099 Rs. 2,799 (25% off)]]>
            </line>
            <line>
              <![CDATA[G STAR RAW
3301 Mid Wash Slim Jeans
Rs. 5,599 Rs. 9,999 (44% off)]]>
            </line>
            <line>
              <![CDATA[Hubberholme
Mid-Rise Slim Fit Jeans
Rs. 595 Rs. 1,699 (65% off)]]>
            </line>
            <line>
              <![CDATA[Campus Sutra
Lightly Washed Slim Fit Jogger Jeans
Rs. 900 Rs. 1,999 (55% off)]]>
            </line>
            <line>
              <![CDATA[DNMX
Mid-Rise Skinny Jeans
Rs. 679 Rs. 799 (15% off)]]>
            </line>
            <line>
              <![CDATA[Hubberholme
Mid-Wash Slim Fit Jeans
Rs. 595 Rs. 1,699 (65% off)]]>
            </line>
            <line>
              <![CDATA[Pepe Jeans
Lightly Washed Relaxed Fit Jeans
Rs. 2,249 Rs. 2,999 (25% off)]]>
            </line>
            <line>
              <![CDATA[Pepe Jeans
Mid-Rise Lightly Washed Jeans
Rs. 1,799 Rs. 2,999 (40% off)]]>
            </line>
            <line>
              <![CDATA[Pepe Jeans
Lightly Washed Mid-Rise Slim Jeans
Rs. 2,999 ]]>
            </line>
            <line>
              <![CDATA[GAS
Norton Distressed Tapered Jeans
Rs. 4,159 Rs. 7,999 (48% off)]]>
            </line>
            <line>
              <![CDATA[Hubberholme
Mid-Wash Slim Fit Jeans
Rs. 595 Rs. 1,699 (65% off)]]>
            </line>
            <line>
              <![CDATA[DNMX
Mid-Rise Skinny Jeans
Rs. 679 Rs. 799 (15% off)]]>
            </line>
            <line>
              <![CDATA[DNMX
Mid-Rise Slim Fit Jeans
Rs. 849 Rs. 999 (15% off)]]>
            </line>
            <line>
              <![CDATA[JOHN PLAYERS JEANS
Washed Stretchable Slim Fit Jeans
Rs. 1,349 Rs. 1,799 (25% off)]]>
            </line>
            <line>
              <![CDATA[DNMX
Lightly Washed Skinny Fit Jeans
Rs. 1,349 Rs. 1,499 (10% off)]]>
            </line>
            <line>
              <![CDATA[ARMANI EXCHANGE
Slim Fit Mid-Rise Jeans
Rs. 7,669 Rs. 12,999 (41% off)]]>
            </line>
            <line>
              <![CDATA[Hubberholme
Mid-Wash Slim Fit Jeans
Rs. 595 Rs. 1,699 (65% off)]]>
            </line>
            <line>
              <![CDATA[DNMX
Mid-Rise Skinny Fit Jeans
Rs. 849 Rs. 999 (15% off)]]>
            </line>
            <line>
              <![CDATA[LEVIS
Washed Slim Fit Jeans
Rs. 2,155 Rs. 2,799 (23% off)]]>
            </line>
            <line>
              <![CDATA[UNITED COLORS OF BENETTON
Mid-Rise Skinny Jeans
Rs. 1,850 Rs. 3,699 (50% off)]]>
            </line>
            <line>
              <![CDATA[Hubberholme
Mid-Wash Slim Fit Jeans
Rs. 595 Rs. 1,699 (65% off)]]>
            </line>
            <line>
              <![CDATA[LEVIS
Washed Skinny Jeans
Rs. 2,699 Rs. 2,999 (10% off)]]>
            </line>
            <line>
              <![CDATA[LEVIS
512 Slim Fit Tapered Jeans
Rs. 2,274 Rs. 3,499 (35% off)]]>
            </line>
            <line>
              <![CDATA[G STAR RAW
3301 Slim Fit Jeans
Rs. 10,999 ]]>
            </line>
            <line>
              <![CDATA[LEVIS
Washed Slim Fit Jeans
Rs. 2,155 Rs. 2,799 (23% off)]]>
            </line>
            <line>
              <![CDATA[DENIZEN FROM LEVIS
204 Troy Super Skinny Fit Jeans
Rs. 1,364 Rs. 2,099 (35% off)]]>
            </line>
            <line>
              <![CDATA[Product is Searched]]>
            </line>
          </reporter-output>
        </test-method> <!-- SearchProducts -->
        <test-method status="PASS" signature="SearchProducts(java.lang.String)[pri:0, instance:com.qa.testscripts.TC_AjioSearchProduct_01@2ac273d3]" name="SearchProducts" duration-ms="24397" started-at="2021-06-27T23:52:09Z" data-provider="getData" finished-at="2021-06-27T23:52:34Z">
          <params>
            <param index="0">
              <value>
                <![CDATA[Sarees]]>
              </value>
            </param>
          </params>
          <reporter-output>
            <line>
              <![CDATA[Total no of Products loaded are: 45]]>
            </line>
            <line>
              <![CDATA[SATYA PAUL
Polka-Dot Print Saree with Contrast Border
Rs. 23,597 Rs. 39,995 (41% off)]]>
            </line>
            <line>
              <![CDATA[SATYA PAUL
Floral Print Chiffon Saree
Rs. 8,847 Rs. 14,995 (41% off)]]>
            </line>
            <line>
              <![CDATA[Choiceit
Floral Print Traditional Saree
Rs. 800 Rs. 1,999 (60% off)]]>
            </line>
            <line>
              <![CDATA[SAINOOR
Printed Traditional Saree
Rs. 806 Rs. 2,240 (64% off)]]>
            </line>
            <line>
              <![CDATA[SATYA PAUL
Floral Print Chiffon Saree
Rs. 7,348 Rs. 14,995 (51% off)]]>
            </line>
            <line>
              <![CDATA[AWESOME
Awesome Pure Silk Silver Zari Mini Checks Saree
Rs. 800 Rs. 1,999 (60% off)]]>
            </line>
            <line>
              <![CDATA[Manohari
Abstract Print Traditional Saree
Rs. 3,779 Rs. 6,999 (46% off)]]>
            </line>
            <line>
              <![CDATA[PRATHAM BLUE
Silk Embroidered Saree
Rs. 1,080 Rs. 3,999 (73% off)]]>
            </line>
            <line>
              <![CDATA[AARRAH
Woven Pattern Silk Blend Saree
Rs. 865 Rs. 2,060 (58% off)]]>
            </line>
            <line>
              <![CDATA[Aashvi Creation
Georgette Saree with Unstitched Blouse Piece
Rs. 774 Rs. 4,299 (82% off)]]>
            </line>
            <line>
              <![CDATA[Varkala Silk Sarees
Solid Traditional Saree
Rs. 1,341 Rs. 2,438 (45% off)]]>
            </line>
            <line>
              <![CDATA[SAINOOR
Printed Traditional Saree
Rs. 803 Rs. 2,060 (61% off)]]>
            </line>
            <line>
              <![CDATA[APNISHA
Embellished Saree with Blouse
Rs. 1,075 Rs. 2,499 (57% off)]]>
            </line>
            <line>
              <![CDATA[Red Round
Red Round Red Woven Traditional Saree with Unstitched Blouse
Rs. 742 Rs. 2,119 (65% off)]]>
            </line>
            <line>
              <![CDATA[Saree mall
Silk Blend Saree with Embellished Border
Rs. 1,080 Rs. 3,599 (70% off)]]>
            </line>
            <line>
              <![CDATA[ANNI DESIGNER
Traditional Saree with Contrast Border
Rs. 1,346 Rs. 5,385 (75% off)]]>
            </line>
            <line>
              <![CDATA[Saree mall
Patola Silk Banarasi Saree
Rs. 821 Rs. 2,649 (69% off)]]>
            </line>
            <line>
              <![CDATA[SATYA PAUL
Sequinned Georgette Saree
Rs. 22,417 Rs. 37,995 (41% off)]]>
            </line>
            <line>
              <![CDATA[SILK LAND
Printed Traditional Saree
Rs. 2,500 Rs. 4,999 (50% off)]]>
            </line>
            <line>
              <![CDATA[GRIVA DESIGNER
Traditional Saree with Zari Border
Rs. 1,800 Rs. 3,999 (55% off)]]>
            </line>
            <line>
              <![CDATA[Mimosa
Art Silk Traditional Saree
Rs. 2,347 Rs. 6,519 (64% off)]]>
            </line>
            <line>
              <![CDATA[Saree mall
Linen Printed Saree
Rs. 1,023 Rs. 3,299 (69% off)]]>
            </line>
            <line>
              <![CDATA[AARRAH
Woven Design Silk Saree with Zari Border
Rs. 968 Rs. 2,060 (53% off)]]>
            </line>
            <line>
              <![CDATA[FOUR SEASONS
Geometric Print Saree with Tassels
Rs. 999 Rs. 3,330 (70% off)]]>
            </line>
            <line>
              <![CDATA[SATRANI
Khadi Cotton Woven Saree with Blouse Piece
Rs. 996 Rs. 2,929 (66% off)]]>
            </line>
            <line>
              <![CDATA[FOUR SEASONS
Poly Georgette Mukaish Embellished Saree
Rs. 899 Rs. 2,997 (70% off)]]>
            </line>
            <line>
              <![CDATA[SILK LAND
Saree with Contrast Border
Rs. 2,500 Rs. 4,999 (50% off)]]>
            </line>
            <line>
              <![CDATA[APNISHA
Floral Print Cotton Saree with Satin Border
Rs. 585 Rs. 1,299 (55% off)]]>
            </line>
            <line>
              <![CDATA[LYUNICA
Floral Pattern Traditional Saree with Tassels
Rs. 880 Rs. 2,199 (60% off)]]>
            </line>
            <line>
              <![CDATA[Pothys
Pothys Pure Soft Silk Saree With Contrast Pallu
Rs. 10,805 ]]>
            </line>
            <line>
              <![CDATA[Aashvi Creation
Woven Pattern Kanjivaram Art Silk Blend Saree
Rs. 946 Rs. 4,299 (78% off)]]>
            </line>
            <line>
              <![CDATA[AWESOME
Checked Traditional Saree with Contrast Border
Rs. 1,250 Rs. 2,499 (50% off)]]>
            </line>
            <line>
              <![CDATA[AWESOME
Traditional Saree with Contrast Border
Rs. 1,200 Rs. 2,999 (60% off)]]>
            </line>
            <line>
              <![CDATA[SILK LAND
Printed Traditional Saree
Rs. 2,107 Rs. 4,299 (51% off)]]>
            </line>
            <line>
              <![CDATA[Saree mall
Silk Blend Saree with Fringes
Rs. 1,012 Rs. 3,749 (73% off)]]>
            </line>
            <line>
              <![CDATA[Desh Bidesh
Desh Bidesh Women's Traditional Bengal Handloom Tant Dhakai Jamdani Cotton Saree
Rs. 2,632 Rs. 8,489 (69% off)]]>
            </line>
            <line>
              <![CDATA[VASTRANAND
Saree with Contrast Border
Rs. 2,273 Rs. 4,545 (50% off)]]>
            </line>
            <line>
              <![CDATA[AWESOME
Awesome Designer Pure Silk Saree with Jaccaurd Saree
Rs. 1,000 Rs. 1,999 (50% off)]]>
            </line>
            <line>
              <![CDATA[HARPITA
Embellished Pre-stitched Saree
Rs. 1,099 Rs. 1,999 (45% off)]]>
            </line>
            <line>
              <![CDATA[OM SAI LATEST CREATION
Saree with Woven Pattern
Rs. 639 Rs. 999 (36% off)]]>
            </line>
            <line>
              <![CDATA[NANDA SILK MILLS
Striped Saree with Tassels
Rs. 900 Rs. 1,699 (47% off)]]>
            </line>
            <line>
              <![CDATA[APNISHA
Embellished Contrast Border Saree
Rs. 720 Rs. 1,999 (64% off)]]>
            </line>
            <line>
              <![CDATA[Saree mall
Pashmina Silk Saree with Unstitched Blouse
Rs. 1,242 Rs. 3,449 (64% off)]]>
            </line>
            <line>
              <![CDATA[EXCLUSIVE
YESPOHO
Textured Saree with Zari Border
Rs. 2,380 Rs. 6,799 (65% off)]]>
            </line>
            <line>
              <![CDATA[Mimosa
Floral Print Saree with Contrast Border
Rs. 2,408 Rs. 5,599 (57% off)]]>
            </line>
            <line>
              <![CDATA[Product is Searched]]>
            </line>
          </reporter-output>
        </test-method> <!-- SearchProducts -->
        <test-method status="PASS" signature="SearchProducts(java.lang.String)[pri:0, instance:com.qa.testscripts.TC_AjioSearchProduct_01@2ac273d3]" name="SearchProducts" duration-ms="21719" started-at="2021-06-27T23:52:34Z" data-provider="getData" finished-at="2021-06-27T23:52:56Z">
          <params>
            <param index="0">
              <value>
                <![CDATA[Kurti]]>
              </value>
            </param>
          </params>
          <reporter-output>
            <line>
              <![CDATA[Total no of Products loaded are: 45]]>
            </line>
            <line>
              <![CDATA[OM SAI LATEST CREATION
Block Print A-line Kurti
Rs. 538 Rs. 699 (23% off)]]>
            </line>
            <line>
              <![CDATA[QUICK VIEW
WOMEN TOUCH
Floral Print Straight Kurta
Rs. 920 Rs. 1,999 (54% off)]]>
            </line>
            <line>
              <![CDATA[WOMEN TOUCH
Straight Kurta with Floral Detail
Rs. 880 Rs. 1,999 (56% off)]]>
            </line>
            <line>
              <![CDATA[WOMEN TOUCH
Floral Print Straight Kurta
Rs. 880 Rs. 1,999 (56% off)]]>
            </line>
            <line>
              <![CDATA[WOMEN TOUCH
Floral Print Straight Kurta
Rs. 880 Rs. 1,999 (56% off)]]>
            </line>
            <line>
              <![CDATA[OM SAI LATEST CREATION
Block Print Anarkali Kurti
Rs. 559 Rs. 699 (20% off)]]>
            </line>
            <line>
              <![CDATA[OM SAI LATEST CREATION
High-Low Kurti with Tie-Up
Rs. 538 Rs. 699 (23% off)]]>
            </line>
            <line>
              <![CDATA[OM SAI LATEST CREATION
Block Print A-line Kurti
Rs. 538 Rs. 699 (23% off)]]>
            </line>
            <line>
              <![CDATA[WOMEN TOUCH
Printed Pure Cotton Straight Kurta
Rs. 880 Rs. 1,999 (56% off)]]>
            </line>
            <line>
              <![CDATA[CEE 18
Indian Print A-line Kurti
Rs. 900 Rs. 1,999 (55% off)]]>
            </line>
            <line>
              <![CDATA[AKS
Geometric Print A-line Tunic
Rs. 509 Rs. 999 (49% off)]]>
            </line>
            <line>
              <![CDATA[ANAITA
Embroidered Straight Kurti
Rs. 442 Rs. 1,229 (64% off)]]>
            </line>
            <line>
              <![CDATA[ANAITA
Floral Embroidered Straight Kurti
Rs. 442 Rs. 1,229 (64% off)]]>
            </line>
            <line>
              <![CDATA[SGRF
Floral Embroidered Flared Kurta
Rs. 809 Rs. 1,499 (46% off)]]>
            </line>
            <line>
              <![CDATA[Biba
Embroidered Fit & Flared Kurta
Rs. 832 Rs. 2,599 (68% off)]]>
            </line>
            <line>
              <![CDATA[ANAITA
Embroidered Straight Kurti
Rs. 442 Rs. 1,229 (64% off)]]>
            </line>
            <line>
              <![CDATA[WOMEN TOUCH
Floral Print Straight Kurta
Rs. 880 Rs. 1,999 (56% off)]]>
            </line>
            <line>
              <![CDATA[VBUYZ
Embellished Round-Neck Straight Kurti
Rs. 1,050 Rs. 2,999 (65% off)]]>
            </line>
            <line>
              <![CDATA[Tissue
Floral Print Round-Neck Straight Kurti
Rs. 490 Rs. 999 (51% off)]]>
            </line>
            <line>
              <![CDATA[VBUYZ
Embroidered Straight Kurti
Rs. 850 Rs. 2,499 (66% off)]]>
            </line>
            <line>
              <![CDATA[Bhama Couture
Indian Print Flared Kurti
Rs. 810 Rs. 1,799 (55% off)]]>
            </line>
            <line>
              <![CDATA[FUSION
Printed Flared Kurta with Handkerchief Hemline
Rs. 494 Rs. 1,299 (62% off)]]>
            </line>
            <line>
              <![CDATA[Stylum
Cartoon Print Flared Kurta
Rs. 780 Rs. 2,000 (61% off)]]>
            </line>
            <line>
              <![CDATA[Myshka
Striped Button-Down Straight Kurta
Rs. 600 Rs. 1,199 (50% off)]]>
            </line>
            <line>
              <![CDATA[WOMEN TOUCH
Floral Print Straight Kurta
Rs. 880 Rs. 1,999 (56% off)]]>
            </line>
            <line>
              <![CDATA[WOMEN TOUCH
Straight Kurta with 3/4th Sleeves
Rs. 880 Rs. 1,999 (56% off)]]>
            </line>
            <line>
              <![CDATA[KIPEK
Straight Tunic with Lace Detail
Rs. 576 Rs. 1,799 (68% off)]]>
            </line>
            <line>
              <![CDATA[CEE 18
Floral Print A-line Kurti with Tie-Up
Rs. 900 Rs. 1,999 (55% off)]]>
            </line>
            <line>
              <![CDATA[OM SAI LATEST CREATION
Block Print Straight Kurti
Rs. 524 Rs. 699 (25% off)]]>
            </line>
            <line>
              <![CDATA[OM SAI LATEST CREATION
Block Print A-line Kurti
Rs. 538 Rs. 699 (23% off)]]>
            </line>
            <line>
              <![CDATA[Svrnaa
Women Chevron Print Straight Kurta with Wooden-Button Plackets
Rs. 439 Rs. 799 (45% off)]]>
            </line>
            <line>
              <![CDATA[INDIWEST
Printed Flared Kurta
Rs. 450 Rs. 899 (50% off)]]>
            </line>
            <line>
              <![CDATA[Jaipur Kurti
Straight Kurta with Pintucks
Rs. 635 Rs. 1,549 (59% off)]]>
            </line>
            <line>
              <![CDATA[Bhama Couture
Geometric Pattern Tunic with Embellished
Rs. 840 Rs. 1,999 (58% off)]]>
            </line>
            <line>
              <![CDATA[MEERANSHI
A-line Kurti with 3/4th Sleeves
Rs. 625 Rs. 2,499 (75% off)]]>
            </line>
            <line>
              <![CDATA[ANAITA
Floral Embroidered Straight Kurti
Rs. 442 Rs. 1,229 (64% off)]]>
            </line>
            <line>
              <![CDATA[VBUYZ
Textured Straight Tunic with Applique
Rs. 850 Rs. 2,499 (66% off)]]>
            </line>
            <line>
              <![CDATA[Myshka
Floral Print Flared Kurta with Band Collar
Rs. 495 Rs. 1,099 (55% off)]]>
            </line>
            <line>
              <![CDATA[Alena
Indian Kurta
Rs. 504 Rs. 1,399 (64% off)]]>
            </line>
            <line>
              <![CDATA[CEE 18
Floral Print Maternity A-line Kurta
Rs. 860 Rs. 1,999 (57% off)]]>
            </line>
            <line>
              <![CDATA[Myshka
Printed Straight Kurta
Rs. 680 Rs. 1,699 (60% off)]]>
            </line>
            <line>
              <![CDATA[OM SAI LATEST CREATION
Striped A-line Kurti
Rs. 624 Rs. 2,599 (76% off)]]>
            </line>
            <line>
              <![CDATA[FUSION
Printed Flared Kurta with Tie-Up
Rs. 390 Rs. 999 (61% off)]]>
            </line>
            <line>
              <![CDATA[AVAASA SET
Floral Print Flared Kurta with Tie-Up
Rs. 735 Rs. 1,499 (51% off)]]>
            </line>
            <line>
              <![CDATA[TEAL19
Embroidered Netted A-line Kurti
Rs. 756 Rs. 2,699 (72% off)]]>
            </line>
            <line>
              <![CDATA[Product is Searched]]>
            </line>
          </reporter-output>
        </test-method> <!-- SearchProducts -->
        <test-method status="PASS" signature="tearDown()[pri:0, instance:com.qa.testscripts.TC_AjioSearchProduct_01@2ac273d3]" name="tearDown" is-config="true" duration-ms="1049" started-at="2021-06-27T23:52:56Z" finished-at="2021-06-27T23:52:57Z">
          <reporter-output>
          </reporter-output>
        </test-method> <!-- tearDown -->
      </class> <!-- com.qa.testscripts.TC_AjioSearchProduct_01 -->
      <class name="com.qa.testscripts.TC_AjioCustomerCare_02">
        <test-method status="PASS" signature="setUp(java.lang.String, java.lang.String)[pri:0, instance:com.qa.testscripts.TC_AjioCustomerCare_02@5383967b]" name="setUp" is-config="true" duration-ms="36105" started-at="2021-06-27T23:48:55Z" finished-at="2021-06-27T23:49:31Z">
          <params>
            <param index="0">
              <value>
                <![CDATA[Chrome]]>
              </value>
            </param>
            <param index="1">
              <value>
                <![CDATA[https://www.ajio.com/]]>
              </value>
            </param>
          </params>
          <reporter-output>
          </reporter-output>
        </test-method> <!-- setUp -->
        <test-method status="PASS" signature="SearchTopics(java.lang.String)[pri:0, instance:com.qa.testscripts.TC_AjioCustomerCare_02@5383967b]" name="SearchTopics" duration-ms="21817" started-at="2021-06-27T23:49:37Z" data-provider="getData" finished-at="2021-06-27T23:49:59Z">
          <params>
            <param index="0">
              <value>
                <![CDATA[Shipping FAQs]]>
              </value>
            </param>
          </params>
          <reporter-output>
            <line>
              <![CDATA[Total no of Topics loaded are: 8]]>
            </line>
            <line>
              <![CDATA[Shipping FAQs]]>
            </line>
            <line>
              <![CDATA[Cancellation FAQs]]>
            </line>
            <line>
              <![CDATA[Payment FAQs]]>
            </line>
            <line>
              <![CDATA[Returns FAQs]]>
            </line>
            <line>
              <![CDATA[AJIO Wallet]]>
            </line>
            <line>
              <![CDATA[Account & Shopping]]>
            </line>
            <line>
              <![CDATA[Loyalty Rewards]]>
            </line>
            <line>
              <![CDATA[Precious Jewellery]]>
            </line>
            <line>
              <![CDATA[Topic is not searched]]>
            </line>
          </reporter-output>
        </test-method> <!-- SearchTopics -->
        <test-method status="PASS" signature="SearchTopics(java.lang.String)[pri:0, instance:com.qa.testscripts.TC_AjioCustomerCare_02@5383967b]" name="SearchTopics" duration-ms="20451" started-at="2021-06-27T23:49:59Z" data-provider="getData" finished-at="2021-06-27T23:50:20Z">
          <params>
            <param index="0">
              <value>
                <![CDATA[Cancellation FAQs]]>
              </value>
            </param>
          </params>
          <reporter-output>
            <line>
              <![CDATA[Total no of Topics loaded are: 8]]>
            </line>
            <line>
              <![CDATA[Shipping FAQs]]>
            </line>
            <line>
              <![CDATA[Cancellation FAQs]]>
            </line>
            <line>
              <![CDATA[Payment FAQs]]>
            </line>
            <line>
              <![CDATA[Returns FAQs]]>
            </line>
            <line>
              <![CDATA[AJIO Wallet]]>
            </line>
            <line>
              <![CDATA[Account & Shopping]]>
            </line>
            <line>
              <![CDATA[Loyalty Rewards]]>
            </line>
            <line>
              <![CDATA[Precious Jewellery]]>
            </line>
            <line>
              <![CDATA[Topic is not searched]]>
            </line>
          </reporter-output>
        </test-method> <!-- SearchTopics -->
        <test-method status="PASS" signature="SearchTopics(java.lang.String)[pri:0, instance:com.qa.testscripts.TC_AjioCustomerCare_02@5383967b]" name="SearchTopics" duration-ms="19772" started-at="2021-06-27T23:50:20Z" data-provider="getData" finished-at="2021-06-27T23:50:39Z">
          <params>
            <param index="0">
              <value>
                <![CDATA[Payment FAQs]]>
              </value>
            </param>
          </params>
          <reporter-output>
            <line>
              <![CDATA[Total no of Topics loaded are: 8]]>
            </line>
            <line>
              <![CDATA[Shipping FAQs]]>
            </line>
            <line>
              <![CDATA[Cancellation FAQs]]>
            </line>
            <line>
              <![CDATA[Payment FAQs]]>
            </line>
            <line>
              <![CDATA[Returns FAQs]]>
            </line>
            <line>
              <![CDATA[AJIO Wallet]]>
            </line>
            <line>
              <![CDATA[Account & Shopping]]>
            </line>
            <line>
              <![CDATA[Loyalty Rewards]]>
            </line>
            <line>
              <![CDATA[Precious Jewellery]]>
            </line>
            <line>
              <![CDATA[Topic is not searched]]>
            </line>
          </reporter-output>
        </test-method> <!-- SearchTopics -->
        <test-method status="PASS" signature="SearchTopics(java.lang.String)[pri:0, instance:com.qa.testscripts.TC_AjioCustomerCare_02@5383967b]" name="SearchTopics" duration-ms="18892" started-at="2021-06-27T23:50:39Z" data-provider="getData" finished-at="2021-06-27T23:50:58Z">
          <params>
            <param index="0">
              <value>
                <![CDATA[Returns FAQs]]>
              </value>
            </param>
          </params>
          <reporter-output>
            <line>
              <![CDATA[Total no of Topics loaded are: 8]]>
            </line>
            <line>
              <![CDATA[Shipping FAQs]]>
            </line>
            <line>
              <![CDATA[Cancellation FAQs]]>
            </line>
            <line>
              <![CDATA[Payment FAQs]]>
            </line>
            <line>
              <![CDATA[Returns FAQs]]>
            </line>
            <line>
              <![CDATA[AJIO Wallet]]>
            </line>
            <line>
              <![CDATA[Account & Shopping]]>
            </line>
            <line>
              <![CDATA[Loyalty Rewards]]>
            </line>
            <line>
              <![CDATA[Precious Jewellery]]>
            </line>
            <line>
              <![CDATA[Topic is not searched]]>
            </line>
          </reporter-output>
        </test-method> <!-- SearchTopics -->
        <test-method status="PASS" signature="tearDown()[pri:0, instance:com.qa.testscripts.TC_AjioCustomerCare_02@5383967b]" name="tearDown" is-config="true" duration-ms="338" started-at="2021-06-27T23:50:58Z" finished-at="2021-06-27T23:50:59Z">
          <reporter-output>
          </reporter-output>
        </test-method> <!-- tearDown -->
      </class> <!-- com.qa.testscripts.TC_AjioCustomerCare_02 -->
    </test> <!-- Functional Testing for Ajio -->
  </suite> <!-- Test Automation -->
</testng-results>
